cd /home/ugrads/q/quyvan/ecen468/
gdb.shell.exe
spawn /opt/coe/mentorgraphics/vista312/linux64/tools.64bit/bin/gdb -quiet -interp=opengdb -runtcl="/opt/coe/mentorgraphics/vista312/generic/tcl/v2/gdb/gdb.tcl" --nx

(vista) BFD: /usr/lib64/libm.so.6: invalid relocation type 37
BFD: BFD 2.17.50 20061115 assertion fail elf64-x86-64.c:259
BFD: /usr/lib64/libm.so.6: invalid relocation type 37
BFD: BFD 2.17.50 20061115 assertion fail elf64-x86-64.c:259
BFD: /usr/lib64/libm.so.6: invalid relocation type 37
BFD: BFD 2.17.50 20061115 assertion fail elf64-x86-64.c:259
BFD: /usr/lib64/libm.so.6: invalid relocation type 37
BFD: BFD 2.17.50 20061115 assertion fail elf64-x86-64.c:259
BFD: /usr/lib64/libm.so.6: invalid relocation type 37
BFD: BFD 2.17.50 20061115 assertion fail elf64-x86-64.c:259
BFD: /usr/lib64/libm.so.6: invalid relocation type 37
BFD: BFD 2.17.50 20061115 assertion fail elf64-x86-64.c:259
BFD: /usr/lib64/libm.so.6: invalid relocation type 37
BFD: BFD 2.17.50 20061115 assertion fail elf64-x86-64.c:259
BFD: /usr/lib64/libm.so.6: invalid relocation type 37
BFD: BFD 2.17.50 20061115 assertion fail elf64-x86-64.c:259
BFD: /usr/lib64/libm.so.6: invalid relocation type 37
BFD: BFD 2.17.50 20061115 assertion fail elf64-x86-64.c:259
BFD: /usr/lib64/libm.so.6: invalid relocation type 37
BFD: BFD 2.17.50 20061115 assertion fail elf64-x86-64.c:259
BFD: /usr/lib64/libm.so.6: invalid relocation type 37
BFD: BFD 2.17.50 20061115 assertion fail elf64-x86-64.c:259
BFD: /usr/lib64/libm.so.6: invalid relocation type 37
BFD: BFD 2.17.50 20061115 assertion fail elf64-x86-64.c:259
BFD: /usr/lib64/libc.so.6: invalid relocation type 37
BFD: BFD 2.17.50 20061115 assertion fail elf64-x86-64.c:259
BFD: /usr/lib64/libc.so.6: invalid relocation type 37
BFD: BFD 2.17.50 20061115 assertion fail elf64-x86-64.c:259
BFD: /usr/lib64/libc.so.6: invalid relocation type 37
BFD: BFD 2.17.50 20061115 assertion fail elf64-x86-64.c:259
BFD: /usr/lib64/libc.so.6: invalid relocation type 37
BFD: BFD 2.17.50 20061115 assertion fail elf64-x86-64.c:259
BFD: /usr/lib64/libc.so.6: invalid relocation type 37
BFD: BFD 2.17.50 20061115 assertion fail elf64-x86-64.c:259
BFD: /usr/lib64/libc.so.6: invalid relocation type 37
BFD: BFD 2.17.50 20061115 assertion fail elf64-x86-64.c:259
BFD: /usr/lib64/libc.so.6: invalid relocation type 37
BFD: BFD 2.17.50 20061115 assertion fail elf64-x86-64.c:259
Vista SystemC 2.2 Runtime Kernel.
Built September 15, 2011. License version 2011.9.
Copyright (c) 2005-2011, Mentor Graphics Corporation.

             SystemC 2.2.0 --- Sep 15 2011 00:24:25
        Copyright (c) 1996-2006 by all Contributors
                    ALL RIGHTS RESERVED
Merging /home/ugrads/q/quyvan/ecen468/Lab2/UART/build/D_PRJDIR_/src/main.exe ...Done.
Saving types data file /home/ugrads/q/quyvan/ecen468/Lab2/UART/sim/main.db...Done.
@IntState : 0	NextIntState: 0bit_count: 0
@IntState : 0	NextIntState: 0bit_count: 0
WARNING: Default time step is used for VCD tracing.
@IntState : 0	NextIntState: 0bit_count: 0
@IntState : 0	NextIntState: 0bit_count: 0
@IntState : 0	NextIntState: 0bit_count: 0

@3500 ps:: >> START SENDING: 0x41
@IntState : 0	NextIntState: 0bit_count: 00
@IntState : 0	NextIntState: 0bit_count: 00
@IntState : 0	NextIntState: 0bit_count: 00
@IntState : 0	NextIntState: 0bit_count: 00
@IntState : 0	NextIntState: 0bit_count: 00
@IntState : 0	NextIntState: 0bit_count: 00
@IntState : 0	NextIntState: 0bit_count: 00
@IntState : 0	NextIntState: 1bit_count: 00
@IntState : 1	NextIntState: 1bit_count: 00
@IntState : 1	NextIntState: 1bit_count: 00
@IntState : 1	NextIntState: 1bit_count: 00
@IntState : 1	NextIntState: 2bit_count: 00
@IntState : 2	NextIntState: 2bit_count: 01
@IntState : 2	NextIntState: 2bit_count: 02
@IntState : 2	NextIntState: 2bit_count: 03
@IntState : 2	NextIntState: 2bit_count: 04
@IntState : 2	NextIntState: 2bit_count: 05
@IntState : 2	NextIntState: 2bit_count: 06
@IntState : 2	NextIntState: 2bit_count: 07
@IntState : 2	NextIntState: 2bit_count: 08
@IntState : 2	NextIntState: 2bit_count: 09
@IntState : 2	NextIntState: 0bit_count: 00
@IntState : 0	NextIntState: 0bit_count: 00
@IntState : 0	NextIntState: 0bit_count: 00
@IntState : 0	NextIntState: 0bit_count: 00
@IntState : 0	NextIntState: 0bit_count: 00
@IntState : 0	NextIntState: 0bit_count: 00
@IntState : 0	NextIntState: 0bit_count: 00
@IntState : 0	NextIntState: 0bit_count: 00
@IntState : 0	NextIntState: 0bit_count: 00
@IntState : 0	NextIntState: 0bit_count: 00
@IntState : 0	NextIntState: 0bit_count: 00
@IntState : 0	NextIntState: 0bit_count: 00
@IntState : 0	NextIntState: 0bit_count: 00
@IntState : 0	NextIntState: 0bit_count: 00

@37500 ps:: >> START SENDING: 0x42
@IntState : 0	NextIntState: 0bit_count: 00
@IntState : 0	NextIntState: 0bit_count: 00
@IntState : 0	NextIntState: 0bit_count: 00
@IntState : 0	NextIntState: 0bit_count: 00
@IntState : 0	NextIntState: 0bit_count: 00
@IntState : 0	NextIntState: 0bit_count: 00
@IntState : 0	NextIntState: 1bit_count: 00
@IntState : 1	NextIntState: 1bit_count: 00
@IntState : 1	NextIntState: 1bit_count: 00
@IntState : 1	NextIntState: 1bit_count: 00
@IntState : 1	NextIntState: 2bit_count: 00
@IntState : 2	NextIntState: 2bit_count: 01
@IntState : 2	NextIntState: 2bit_count: 02
@IntState : 2	NextIntState: 2bit_count: 03
@IntState : 2	NextIntState: 2bit_count: 04
@IntState : 2	NextIntState: 2bit_count: 05
@IntState : 2	NextIntState: 2bit_count: 06
@IntState : 2	NextIntState: 2bit_count: 07
@IntState : 2	NextIntState: 2bit_count: 08
@IntState : 2	NextIntState: 2bit_count: 09
@IntState : 2	NextIntState: 0bit_count: 00
@IntState : 0	NextIntState: 0bit_count: 00
@IntState : 0	NextIntState: 0bit_count: 00
@IntState : 0	NextIntState: 0bit_count: 00
@IntState : 0	NextIntState: 0bit_count: 00
@IntState : 0	NextIntState: 0bit_count: 00
@IntState : 0	NextIntState: 0bit_count: 00
@IntState : 0	NextIntState: 0bit_count: 00
@IntState : 0	NextIntState: 0bit_count: 00
@IntState : 0	NextIntState: 0bit_count: 00
@IntState : 0	NextIntState: 0bit_count: 00
@IntState : 0	NextIntState: 0bit_count: 00
@IntState : 0	NextIntState: 0bit_count: 00
@IntState : 0	NextIntState: 0bit_count: 00

@71500 ps:: >> START SENDING: 0x43
@IntState : 0	NextIntState: 0bit_count: 00
@IntState : 0	NextIntState: 0bit_count: 00
@IntState : 0	NextIntState: 0bit_count: 00
@IntState : 0	NextIntState: 0bit_count: 00
@IntState : 0	NextIntState: 0bit_count: 00
@IntState : 0	NextIntState: 0bit_count: 00
@IntState : 0	NextIntState: 1bit_count: 00
@IntState : 1	NextIntState: 1bit_count: 00
@IntState : 1	NextIntState: 1bit_count: 00
@IntState : 1	NextIntState: 1bit_count: 00
@IntState : 1	NextIntState: 2bit_count: 00
@IntState : 2	NextIntState: 2bit_count: 01
@IntState : 2	NextIntState: 2bit_count: 02
@IntState : 2	NextIntState: 2bit_count: 03
@IntState : 2	NextIntState: 2bit_count: 04
@IntState : 2	NextIntState: 2bit_count: 05
@IntState : 2	NextIntState: 2bit_count: 06
@IntState : 2	NextIntState: 2bit_count: 07
@IntState : 2	NextIntState: 2bit_count: 08
@IntState : 2	NextIntState: 2bit_count: 09
@IntState : 2	NextIntState: 0bit_count: 00
@IntState : 0	NextIntState: 0bit_count: 00
@IntState : 0	NextIntState: 0bit_count: 00
@IntState : 0	NextIntState: 0bit_count: 00
@IntState : 0	NextIntState: 0bit_count: 00
@IntState : 0	NextIntState: 0bit_count: 00
@IntState : 0	NextIntState: 0bit_count: 00
@IntState : 0	NextIntState: 0bit_count: 00
@IntState : 0	NextIntState: 0bit_count: 00
@IntState : 0	NextIntState: 0bit_count: 00
@IntState : 0	NextIntState: 0bit_count: 00
@IntState : 0	NextIntState: 0bit_count: 00
@IntState : 0	NextIntState: 0bit_count: 00
@IntState : 0	NextIntState: 0bit_count: 00
SystemC: simulation stopped by user.
Program is about to exit.
#0  0x00000000004ea2c0 in summit_sc::Runtime::atExitCallback ()
(vista) 
