### Custom WaveView ADV log file, revision O-2018.09 (build Aug 27, ) ###
### created at 00:50:12 on Mon Feb  6 2023 (Linux AMD64) ###
### Host Name: n01-zeus.olympus.ece.tamu.edu   User ID:    PID: 21960   ###
wv_start_log
# (0) running in waveview only mode
# (0) SW_SX_PERL_LIB defined
# (0) SW_SX_TCL_LIB defined
# (0) HOME defined
wv_move_window {Custom WaveView} {} 242 265
wv_select_window {Custom WaveView} 
wv_press_tool_button {Custom WaveView} {} {OpenWaveform0} 
wv_select_dialog {FileDialog} 
wv_select_list_item {FileDialog} {} {FileList} {Lab2} 4
wv_dclick_list_item {FileDialog} {} {FileList} {Lab2} 4
wv_select_list_item {FileDialog} {} {FileList} {.} 0
wv_dclick_list_item {FileDialog} {} {FileList} {.} 0
wv_select_list_item {FileDialog} {} {FileList} {..} 1
wv_dclick_list_item {FileDialog} {} {FileList} {..} 1
wv_select_list_item {FileDialog} {} {FileList} {wave.vcd} 8
wv_dclick_list_item {FileDialog} {} {FileList} {wave.vcd} 8
wv_expand_tree_item {Custom WaveView} {} {hierview} {D0:wave.vcd(0)} {+sep=@}
wv_collapse_tree_item {Custom WaveView} {} {hierview} {D0:wave.vcd(0)} {+sep=@}
wv_expand_tree_item {Custom WaveView} {} {hierview} {D0:wave.vcd(0)} {+sep=@}
wv_select_tree_item {Custom WaveView} {} {hierview} {D0:wave.vcd(0)} {0} {+sep=@}
wv_collapse_tree_item {Custom WaveView} {} {hierview} {D0:wave.vcd(0)} {+sep=@}
wv_select_tree_item {Custom WaveView} {} {hierview} {D0:wave.vcd(0)} {0} {+sep=@}
wv_expand_tree_item {Custom WaveView} {} {hierview} {D0:wave.vcd(0)} {+sep=@}
wv_collapse_tree_item {Custom WaveView} {} {hierview} {D0:wave.vcd(0)} {+sep=@}
wv_expand_tree_item {Custom WaveView} {} {hierview} {D0:wave.vcd(0)} {+sep=@}
wv_select_tree_item {Custom WaveView} {} {hierview} {D0:wave.vcd(0)@SystemC(0)} {0} {+sep=@}
wv_select_list_item {Custom WaveView} {} {sigview} {Byte_ready} 0
wv_select_list_item {Custom WaveView} {} {sigview} {rst_b} 6 +shift
wv_drag_list_item {Custom WaveView} {} {sigview} {Data_Bus[7:0]} 1
wv_drag_enter WV1
wv_drop_on WV1
wv_select_waveview 1 {waveview 1}
wv_select_wv_item WV1.LEGEND.WIDTH
wv_move_wv_item WV1.PANEL1:1.LEGEND.WIDTH 80
wv_release_wv_item WV1 80 226
wv_select_waveview 1 {waveview 1}
wv_select_wv_item WV1.LEGEND.WIDTH
wv_drag_item_to WV1 83 234
wv_move_wv_item WV1.PANEL1:1.LEGEND.WIDTH 175
wv_select_waveview 1 {waveview 1}
wv_select_wv_item WV1.LEGEND.WIDTH
wv_drag_item_to WV1 180 224
wv_move_wv_item WV1.PANEL1:1.LEGEND.WIDTH 246
wv_select_waveview 1 {waveview 1}
wv_select_wv_item WV1.LEGEND.WIDTH
wv_drag_item_to WV1 242 220
wv_move_wv_item WV1.PANEL1:1.LEGEND.WIDTH 283
wv_select_waveview 1 {waveview 1}
wv_select_wv_item WV1.LEGEND.WIDTH
wv_drag_item_to WV1 282 222
wv_move_wv_item WV1.PANEL1:1.LEGEND.WIDTH 267
wv_select_window {Custom WaveView} 
wv_move_window {Custom WaveView} {} 1721 31
wv_resize_browser {Custom WaveView} {} {WV.Browser} 250 1217
wv_resize_browser {Custom WaveView} {} {waveview 1:1} 1458 1191
wv_resize_window {Custom WaveView} 1718 1360
wv_select_waveview 1 {waveview 1}
wv_select_wv_item WV1.PANEL3:1.LEGEND
wv_drag_item_to WV1 136 84
wv_select_window {Custom WaveView} 
wv_drag_enter WV1
wv_drag_to WV1 137 57
wv_drag_to WV1 137 48
wv_drop_on WV1
wv_drag_item_to WV1 137 75
wv_select_waveview 1 {waveview 1}
wv_select_wv_item WV1.PANEL2:1.LEGEND
wv_select_panel WV1.PANEL2:1.LEGEND
wv_select_waveview 1 {waveview 1}
wv_select_wv_item WV1.PANEL2:1.LEGEND
wv_drag_item_to WV1 134 58
wv_drag_enter WV1
wv_drop_on WV1
wv_drag_item_to WV1 134 47
wv_select_waveview 1 {waveview 1}
wv_select_wv_item WV1.PANEL6:1.LEGEND
wv_select_panel WV1.PANEL6:1.LEGEND
wv_select_waveview 1 {waveview 1}
wv_select_wv_item WV1.PANEL6:1.LEGEND
wv_drag_item_to WV1 121 156
wv_drag_enter WV1
wv_drag_to WV1 113 49
wv_drop_on WV1
wv_drag_item_to WV1 119 117
wv_select_waveview 1 {waveview 1}
wv_select_wv_item WV1.PANEL1:1.LEGEND
wv_drag_item_to WV1 122 33
wv_drag_enter WV1
wv_drag_to WV1 116 66
wv_drop_on WV1
wv_drag_item_to WV1 120 42
wv_select_waveview 1 {waveview 1}
wv_select_wv_item WV1.PANEL7:1.LEGEND
wv_drag_item_to WV1 104 168
wv_drag_enter WV1
wv_drop_on WV1
wv_drag_item_to WV1 104 168
wv_select_waveview 1 {waveview 1}
wv_select_wv_item WV1.PANEL7:1.LEGEND
wv_drag_item_to WV1 123 175
wv_drag_enter WV1
wv_drag_to WV1 124 121
wv_drop_on WV1
wv_drag_item_to WV1 123 159
wv_select_waveview 1 {waveview 1}
wv_select_panel WV1.PANEL5:1 1.50447e-08 inf
wv_drag_item_to WV1 474 132
wv_select_waveview 1 {waveview 1}
wv_select_panel WV1.PANEL7:1 1.43906e-08 inf
wv_select_waveview 1 {waveview 1}
wv_select_panel WV1.PANEL6:1 4.1116e-09 -inf
wv_drag_item_to WV1 357 161
wv_select_waveview 1 {waveview 1}
wv_select_panel WV1.PANEL3:1 7.47564e-09 inf
wv_drag_item_to WV1 393 86
wv_select_waveview 1 {waveview 1}
wv_select_panel WV1.PANEL7:1 1.42037e-08 inf
wv_drag_item_to WV1 465 171
wv_select_waveview 1 {waveview 1}
wv_select_panel WV1.PANEL7:1 1.70071e-08 inf
wv_drag_item_to WV1 495 177
wv_ctrl_wheel_up WV1.PANEL7:1
wv_ctrl_wheel_up WV1.PANEL7:1
wv_ctrl_wheel_up WV1.PANEL7:1
wv_select_waveview 1 {waveview 1}
wv_select_panel WV1.PANEL7:1 1.70071e-08 inf
wv_release_wv_item WV1 495 177
wv_select_waveview 1 {waveview 1}
wv_select_panel WV1.PANEL7:1 1.70071e-08 inf
wv_select_waveview 1 {waveview 1}
wv_select_panel WV1.PANEL7:1 1.54185e-08 inf
wv_select_waveview 1 {waveview 1}
wv_select_panel WV1.PANEL7:1 1.40168e-08 inf
wv_drag_item_to WV1 466 178
wv_zoom_x WV1.PANEL7:1 1.40168e-08 1.86891e-08
wv_select_waveview 1 {waveview 1}
wv_select_wv_item WV1.HSLIDER 510 1162
wv_drag_item_to WV1 509 1162
wv_drag_item_to WV1 487 1160
wv_horz_scroll WV1 125
wv_select_waveview 1 {waveview 1}
wv_select_wv_item WV1.HSLIDER 487 1160
wv_drag_item_to WV1 484 1160
wv_drag_item_to WV1 1381 1177
wv_horz_scroll WV1 1019
wv_select_waveview 1 {waveview 1}
wv_select_toolbar_item {Custom WaveView} {waveview 1:1} {Zoom Mode} 
wv_select_waveview 1 {waveview 1}
wv_select_toolbar_item {Custom WaveView} {waveview 1:1} {Zoom Mode} 
wv_select_waveview 1 {waveview 1}
wv_select_toolbar_item {Custom WaveView} {waveview 1:1} {Full Unzoom} 
wv_select_waveview 1 {waveview 1}
wv_select_toolbar_item {Custom WaveView} {waveview 1:1} {Zoom Out} 
wv_select_waveview 1 {waveview 1}
wv_select_panel WV1.PANEL5:1 9.72811e-08 inf
wv_select_waveview 1 {waveview 1}
wv_select_toolbar_item {Custom WaveView} {waveview 1:1} {Zoom Out} 
wv_select_waveview 1 {waveview 1}
wv_select_panel WV1.PANEL6:1 9.78347e-08 inf
wv_release_wv_item WV1 530 156
wv_select_waveview 1 {waveview 1}
wv_waveview_context_menu WV1.PANEL6:1 9.78347e-08
wv_select_waveview 1 {waveview 1}
wv_waveview_context_menu WV1.TAB
wv_select_waveview 1 {waveview 1}
wv_select_menu_item {Custom WaveView} {waveview 1:1} {WaveViewPopMenu.Go To Panel Mode} 
wv_select_waveview 1 {waveview 1}
wv_select_menu_item {Custom WaveView} {waveview 1:1} {WaveViewPopMenu.Refresh WaveView} 
wv_select_waveview 1 {waveview 1}
wv_select_toolbar_item {Custom WaveView} {waveview 1:1} {Zoom Out} 
wv_select_waveview 1 {waveview 1}
wv_select_panel WV1.PANEL7:1 9.77562e-08 inf
wv_select_waveview 1 {waveview 1}
wv_select_toolbar_item {Custom WaveView} {waveview 1:1} {Zoom Mode} 
wv_select_waveview 1 {waveview 1}
wv_select_toolbar_item {Custom WaveView} {waveview 1:1} {Zoom Mode} 
wv_select_waveview 1 {waveview 1}
wv_select_toolbar_item {Custom WaveView} {waveview 1:1} {Zoom Mode} 
wv_select_waveview 1 {waveview 1}
wv_select_wv_item WV1.PANEL2:1.LEGEND
wv_select_panel WV1.PANEL2:1.LEGEND
wv_select_waveview 1 {waveview 1}
wv_select_wv_item WV1.PANEL1:1.LEGEND
wv_select_panel WV1.PANEL1:1.LEGEND
wv_select_waveview 1 {waveview 1}
wv_waveview_context_menu WV1.TAB
wv_select_waveview 1 {waveview 1}
wv_waveview_context_menu WV1.TAB
wv_select_waveview 1 {waveview 1}
wv_select_menu_item {Custom WaveView} {waveview 1:1} {WaveViewPopMenu.Clear WaveView} 
wv_drag_list_item {Custom WaveView} {} {sigview} {Data_Bus[7:0]} 1
wv_drag_enter WV1
wv_drop_on WV1
wv_select_waveview 1 {waveview 1}
wv_select_wv_item WV1.PANEL2:1.VSLIDER 7 55
wv_select_window {Custom WaveView} 
wv_release_wv_item WV1 7 55
wv_select_waveview 1 {waveview 1}
wv_select_panel WV1.PANEL1:1 8.69043e-09 -inf
wv_select_waveview 1 {waveview 1}
wv_select_panel WV1.PANEL10:1 1.24283e-08 inf
wv_drag_item_to WV1 453 256
wv_zoom_x WV1.PANEL10:1 1.24283e-08 2.224e-08
wv_select_waveview 1 {waveview 1}
wv_select_wv_item WV1.HSLIDER 548 1163
wv_drag_item_to WV1 547 1163
wv_drag_item_to WV1 547 1163
wv_horz_scroll WV1 130
wv_select_waveview 1 {waveview 1}
wv_select_wv_item WV1.HSLIDER 540 1162
wv_drag_item_to WV1 538 1161
wv_drag_item_to WV1 549 1164
wv_horz_scroll WV1 139
wv_select_waveview 1 {waveview 1}
wv_select_wv_item WV1.HSLIDER 541 1161
wv_drag_item_to WV1 541 1161
wv_drag_item_to WV1 555 1150
wv_horz_scroll WV1 153
wv_select_waveview 1 {waveview 1}
wv_select_wv_item WV1.HSLIDER 545 1158
wv_drag_item_to WV1 544 1158
wv_drag_item_to WV1 392 1162
wv_horz_scroll WV1 0
wv_select_waveview 1 {waveview 1}
wv_select_toolbar_item {Custom WaveView} {waveview 1:1} {Full Unzoom} 
wv_select_waveview 1 {waveview 1}
wv_select_wv_item WV1.PANEL2:1.VSLIDER 4 54
wv_release_wv_item WV1 4 54
wv_select_waveview 1 {waveview 1}
wv_select_wv_item WV1.PANEL2:1.VSLIDER 9 61
wv_release_wv_item WV1 9 61
wv_select_waveview 1 {waveview 1}
wv_select_wv_item WV1.PANEL2:1.VSLIDER 6 58
wv_release_wv_item WV1 6 58
wv_select_waveview 1 {waveview 1}
wv_select_wv_item WV1.PANEL2:1.VSLIDER 10 60
wv_release_wv_item WV1 10 59
wv_select_window {Custom WaveView} 
wv_select_waveview 1 {waveview 1}
wv_select_wv_item WV1.PANEL2:1.VSLIDER 4 56
wv_release_wv_item WV1 4 56
wv_move_window {Custom WaveView} {} 0 0
wv_move_window {Custom WaveView} {} 293 31
wv_resize_browser {Custom WaveView} {} {WV.Browser} 250 1194
wv_resize_browser {Custom WaveView} {} {waveview 1:1} 2300 1168
wv_resize_window {Custom WaveView} 2560 1337
wv_select_window {Custom WaveView} 
wv_move_window {Custom WaveView} {} 0 0
wv_move_window {Custom WaveView} {} 293 31
wv_select_window {Custom WaveView} 
wv_move_window {Custom WaveView} {} 1721 31
wv_resize_browser {Custom WaveView} {} {WV.Browser} 250 1217
wv_resize_browser {Custom WaveView} {} {waveview 1:1} 1458 1191
wv_resize_window {Custom WaveView} 1718 1360
wv_select_window {Custom WaveView} 
wv_select_waveview 1 {waveview 1}
wv_select_panel WV1.PANEL1:1 1.22414e-08 -inf
wv_select_waveview 1 {waveview 1}
wv_select_panel WV1.PANEL1:1 1.18676e-08 inf
wv_select_waveview 1 {waveview 1}
wv_select_wv_item WV1.PANEL2:1.VSLIDER 10 58
wv_release_wv_item WV1 10 58
wv_select_waveview 1 {waveview 1}
wv_select_wv_item WV1.PANEL2:1.VSLIDER 9 58
wv_release_wv_item WV1 9 58
wv_select_waveview 1 {waveview 1}
wv_select_panel WV1.PANEL4:1 4.22374e-08 inf
wv_move_window {Custom WaveView} {} 0 0
wv_move_window {Custom WaveView} {} 293 31
wv_resize_browser {Custom WaveView} {} {WV.Browser} 250 1194
wv_resize_browser {Custom WaveView} {} {waveview 1:1} 2300 1168
wv_resize_window {Custom WaveView} 2560 1337
wv_move_window {Custom WaveView} {} 0 0
wv_select_window {Custom WaveView} 
wv_move_window {Custom WaveView} {} 293 31
wv_select_window {Custom WaveView} 
wv_press_tool_button {Custom WaveView} {} {OpenWaveformFile0} 
wv_select_dialog {FileDialog} 
wv_select_list_item {FileDialog} {} {FileList} {wave.vcd} 8
wv_dclick_list_item {FileDialog} {} {FileList} {wave.vcd} 8
wv_expand_tree_item {Custom WaveView} {} {hierview} {D0:wave.vcd(1)} {+sep=@}
wv_select_tree_item {Custom WaveView} {} {hierview} {D0:wave.vcd(1)@measure(0)} {0} {+sep=@}
wv_select_tree_item {Custom WaveView} {} {hierview} {D0:wave.vcd(1)@measure(0)} {0} {+sep=@}
wv_select_tree_item {Custom WaveView} {} {hierview} {D0:wave.vcd(1)@measure(0)} {0} {+sep=@}
wv_select_tree_item {Custom WaveView} {} {hierview} {D0:wave.vcd(1)@measure(0)} {0} {+sep=@}
wv_select_window {Custom WaveView} 
wv_select_tree_item {Custom WaveView} {} {hierview} {D0:wave.vcd(1)} {0} {+sep=@}
wv_tree_context_menu {Custom WaveView} {} {hierview} 66 45 {D0:wave.vcd(1)} {+sep=@}
wv_select_menu_item {Custom WaveView} {} {FileViewPopMenu.Close This File} 
wv_select_dialog {Confirmation} 
wv_press_button {Confirmation} {} {Ok} 
wv_press_tool_button {Custom WaveView} {} {OpenWaveformFile0} 
wv_select_dialog {FileDialog} 
wv_select_list_item {FileDialog} {} {FileList} {wave.vcd} 8
wv_dclick_list_item {FileDialog} {} {FileList} {wave.vcd} 8
wv_expand_tree_item {Custom WaveView} {} {hierview} {D0:wave.vcd(1)} {+sep=@}
wv_select_tree_item {Custom WaveView} {} {hierview} {D0:wave.vcd(1)@SystemC(0)} {0} {+sep=@}
wv_select_tree_item {Custom WaveView} {} {hierview} {D0:wave.vcd(1)@SystemC(0)} {0} {+sep=@}
wv_select_list_item {Custom WaveView} {} {sigview} {Byte_ready} 0
wv_select_waveview 1 {waveview 1}
wv_waveview_context_menu WV1.TAB
wv_select_waveview 1 {waveview 1}
wv_select_menu_item {Custom WaveView} {waveview 1:1} {WaveViewPopMenu.Clear WaveView} 
wv_select_list_item {Custom WaveView} {} {sigview} {rst_b} 6 +shift
wv_drag_list_item {Custom WaveView} {} {sigview} {Data_Bus[7:0]} 1
wv_drag_enter WV1
wv_drop_on WV1
wv_select_waveview 1 {waveview 1}
wv_select_wv_item WV1.PANEL4:1.VSLIDER 7 103
wv_release_wv_item WV1 7 103
wv_select_waveview 1 {waveview 1}
wv_select_wv_item WV1.PANEL4:1.VSLIDER 7 103
wv_release_wv_item WV1 7 103
wv_select_waveview 1 {waveview 1}
wv_select_wv_item WV1.PANEL2:1.VSLIDER 11 59
wv_release_wv_item WV1 10 59
wv_select_waveview 1 {waveview 1}
wv_select_wv_item WV1.PANEL2:1.VSLIDER 10 59
wv_release_wv_item WV1 10 59
wv_select_waveview 1 {waveview 1}
wv_waveview_context_menu WV1.TAB
wv_select_waveview 1 {waveview 1}
wv_waveview_context_menu WV1.TAB
wv_select_waveview 1 {waveview 1}
wv_select_menu_item {Custom WaveView} {waveview 1:1} {WaveViewPopMenu.Clear WaveView} 
wv_move_window {Custom WaveView} {} 0 0
wv_move_window {Custom WaveView} {} 293 31
wv_select_window {Custom WaveView} 
wv_press_tool_button {Custom WaveView} {} {OpenWaveformFile0} 
wv_select_dialog {FileDialog} 
wv_select_list_item {FileDialog} {} {FileList} {wave.vcd} 8
wv_dclick_list_item {FileDialog} {} {FileList} {wave.vcd} 8
wv_expand_tree_item {Custom WaveView} {} {hierview} {D0:wave.vcd(2)} {+sep=@}
wv_collapse_tree_item {Custom WaveView} {} {hierview} {D0:wave.vcd(2)} {+sep=@}
wv_expand_tree_item {Custom WaveView} {} {hierview} {D0:wave.vcd(2)} {+sep=@}
wv_select_tree_item {Custom WaveView} {} {hierview} {D0:wave.vcd(2)@SystemC(0)} {0} {+sep=@}
wv_select_list_item {Custom WaveView} {} {sigview} {Byte_ready} 0
wv_select_list_item {Custom WaveView} {} {sigview} {rst_b} 6 +shift
wv_drag_list_item {Custom WaveView} {} {sigview} {Serial_out} 4
wv_drag_enter WV1
wv_drop_on WV1
wv_press_tool_button {Custom WaveView} {} {OpenWaveformFile0} 
wv_select_dialog {FileDialog} 
wv_select_list_item {FileDialog} {} {FileList} {Lab2} 4
wv_dclick_list_item {FileDialog} {} {FileList} {Lab2} 4
wv_press_button {FileDialog} {} {Up} 
wv_press_button {FileDialog} {} {Cancel} 
wv_select_tree_item {Custom WaveView} {} {hierview} {D0:wave.vcd(0)} {0} {+sep=@}
wv_press_tool_button {Custom WaveView} {} {OpenWaveformFile0} 
wv_select_dialog {FileDialog} 
wv_select_list_item {FileDialog} {} {FileList} {wave.vcd} 8
wv_dclick_list_item {FileDialog} {} {FileList} {wave.vcd} 8
wv_select_waveview 1 {waveview 1}
wv_select_panel WV1.PANEL1:1 3.35363e-13 -inf
wv_expand_tree_item {Custom WaveView} {} {hierview} {D0:wave.vcd(3)} {+sep=@}
wv_select_tree_item {Custom WaveView} {} {hierview} {D0:wave.vcd(3)@SystemC(0)} {0} {+sep=@}
wv_select_list_item {Custom WaveView} {} {sigview} {Byte_ready} 0
wv_select_list_item {Custom WaveView} {} {sigview} {rst_b} 6 +shift
wv_select_waveview 1 {waveview 1}
wv_waveview_context_menu WV1.TAB
wv_select_waveview 1 {waveview 1}
wv_select_menu_item {Custom WaveView} {waveview 1:1} {WaveViewPopMenu.Clear WaveView} 
wv_select_list_item {Custom WaveView} {} {sigview} {rst_b} 6 +shift
wv_drag_list_item {Custom WaveView} {} {sigview} {Data_Bus[7:0]} 1
wv_drag_enter WV1
wv_drop_on WV1
wv_select_tree_item {Custom WaveView} {} {hierview} {D0:wave.vcd(0)} {0} {+sep=@}
wv_select_tree_item {Custom WaveView} {} {hierview} {D0:wave.vcd(1)} {0} {+sep=@}
wv_select_tree_item {Custom WaveView} {} {hierview} {D0:wave.vcd(0)} {0} {+sep=@}
wv_select_tree_item {Custom WaveView} {} {hierview} {D0:wave.vcd(1)} {0} {+sep=@}
wv_select_tree_item {Custom WaveView} {} {hierview} {D0:wave.vcd(2)} {0} {+sep=@}
wv_tree_context_menu {Custom WaveView} {} {hierview} 80 71 {D0:wave.vcd(2)} {+sep=@}
wv_select_menu_item {Custom WaveView} {} {FileViewPopMenu.Close All} 
wv_select_dialog {Confirmation} 
wv_press_button {Confirmation} {} {Ok} 
wv_select_dialog {FileDialog} 
wv_select_list_item {FileDialog} {} {FileList} {wave.vcd} 8
wv_dclick_list_item {FileDialog} {} {FileList} {wave.vcd} 8
wv_move_window {Custom WaveView} {} 0 0
wv_move_window {Custom WaveView} {} 293 31
wv_select_window {Custom WaveView} 
wv_move_window {Custom WaveView} {} 0 0
wv_move_window {Custom WaveView} {} 293 31
wv_select_window {Custom WaveView} 
wv_move_window {Custom WaveView} {} 0 0
wv_move_window {Custom WaveView} {} 293 31
wv_select_window {Custom WaveView} 
wv_expand_tree_item {Custom WaveView} {} {hierview} {D0:wave.vcd(0)} {+sep=@}
wv_select_tree_item {Custom WaveView} {} {hierview} {D0:wave.vcd(0)@SystemC(0)} {0} {+sep=@}
wv_select_list_item {Custom WaveView} {} {sigview} {Byte_ready} 0
wv_select_list_item {Custom WaveView} {} {sigview} {rst_b} 6 +shift
wv_drag_list_item {Custom WaveView} {} {sigview} {Load_XMT_datareg} 2
wv_drag_enter WV1
wv_drop_on WV1
wv_select_dialog {Confirmation} 
wv_press_button {Confirmation} {} {Ok} 
wv_move_window {Custom WaveView} {} 0 0
wv_move_window {Custom WaveView} {} 293 31
wv_select_window {Custom WaveView} 
wv_select_tree_item {Custom WaveView} {} {hierview} {D0:wave.vcd(0)@SystemC(0)} {0} {+sep=@}
wv_select_tree_item {Custom WaveView} {} {hierview} {D0:wave.vcd(0)@SystemC(0)} {0} {+sep=@}
wv_select_waveview 1 {waveview 1}
wv_waveview_context_menu WV1.TAB
wv_select_waveview 1 {waveview 1}
wv_waveview_context_menu WV1.TAB
wv_select_waveview 1 {waveview 1}
wv_select_menu_item {Custom WaveView} {waveview 1:1} {WaveViewPopMenu.Clear WaveView} 
wv_select_list_item {Custom WaveView} {} {sigview} {Byte_ready} 0
wv_drag_list_item {Custom WaveView} {} {sigview} {Byte_ready} 0
wv_select_list_item {Custom WaveView} {} {sigview} {rst_b} 7 +shift
wv_drag_list_item {Custom WaveView} {} {sigview} {rst_b} 7 +shift
wv_drag_list_item {Custom WaveView} {} {sigview} {Byte_ready} 0
wv_drag_enter WV1
wv_drag_leave WV1
wv_select_list_item {Custom WaveView} {} {sigview} {rst_b} 7 +shift
wv_drag_list_item {Custom WaveView} {} {sigview} {rst_b} 7 +shift
wv_drag_enter WV1
wv_drop_on WV1
wv_select_dialog {Confirmation} 
wv_press_button {Confirmation} {} {Ok} 
## TYPE S abort
## memory usage 396.52MB
#0x6CD30F /opt/coe/synopsys/wv/O-2018.09/platforms/linux64/bin/wv() [0x6cd30f]
#0x6CD7B0 /opt/coe/synopsys/wv/O-2018.09/platforms/linux64/bin/wv() [0x6cd7b0]
#0xE9B88400 /lib64/libc.so.6(+0x36400) [0x7fcde9b88400]
#0xB5D586 /opt/coe/synopsys/wv/O-2018.09/platforms/linux64/bin/wv(wdfFullWaveName+0x1a) [0xb5d586]
#0xB0BA48 /opt/coe/synopsys/wv/O-2018.09/platforms/linux64/bin/wv() [0xb0ba48]
#0xB0CB57 /opt/coe/synopsys/wv/O-2018.09/platforms/linux64/bin/wv(wdfReloadNewWDF+0x925) [0xb0cb57]
#0xC096BC /opt/coe/synopsys/wv/O-2018.09/platforms/linux64/bin/wv(evConfirmProc+0x7ca) [0xc096bc]
#0xC96D82 /opt/coe/synopsys/wv/O-2018.09/platforms/linux64/bin/wv() [0xc96d82]
#0x108CB4A /opt/coe/synopsys/wv/O-2018.09/platforms/linux64/bin/wv(_ZN10QX_PushBtn11callFuctionEv+0x50a) [0x108cb4a]
#0x108E232 /opt/coe/synopsys/wv/O-2018.09/platforms/linux64/bin/wv() [0x108e232]
#0x201FA12 /opt/coe/synopsys/wv/O-2018.09/platforms/linux64/bin/wv() [0x201fa12]
#0x1E174E1 /opt/coe/synopsys/wv/O-2018.09/platforms/linux64/bin/wv() [0x1e174e1]
#0x1C0265D /opt/coe/synopsys/wv/O-2018.09/platforms/linux64/bin/wv() [0x1c0265d]
#0x1C02E99 /opt/coe/synopsys/wv/O-2018.09/platforms/linux64/bin/wv() [0x1c02e99]
#0x1C030FD /opt/coe/synopsys/wv/O-2018.09/platforms/linux64/bin/wv() [0x1c030fd]
#0x19868D3 /opt/coe/synopsys/wv/O-2018.09/platforms/linux64/bin/wv() [0x19868d3]
#0x1937A6C /opt/coe/synopsys/wv/O-2018.09/platforms/linux64/bin/wv() [0x1937a6c]
#0x193C9A9 /opt/coe/synopsys/wv/O-2018.09/platforms/linux64/bin/wv() [0x193c9a9]
#0x20093ED /opt/coe/synopsys/wv/O-2018.09/platforms/linux64/bin/wv() [0x20093ed]
#0x193893B /opt/coe/synopsys/wv/O-2018.09/platforms/linux64/bin/wv() [0x193893b]
#0x19AF34D /opt/coe/synopsys/wv/O-2018.09/platforms/linux64/bin/wv() [0x19af34d]
#0x19ADBE2 /opt/coe/synopsys/wv/O-2018.09/platforms/linux64/bin/wv() [0x19adbe2]
#0x19D11DD /opt/coe/synopsys/wv/O-2018.09/platforms/linux64/bin/wv() [0x19d11dd]
#0x2008015 /opt/coe/synopsys/wv/O-2018.09/platforms/linux64/bin/wv() [0x2008015]
#0x20082F6 /opt/coe/synopsys/wv/O-2018.09/platforms/linux64/bin/wv() [0x20082f6]
#0x200D079 /opt/coe/synopsys/wv/O-2018.09/platforms/linux64/bin/wv() [0x200d079]
#0x10F07FA /opt/coe/synopsys/wv/O-2018.09/platforms/linux64/bin/wv(qxLoop+0x25) [0x10f07fa]
#0x6BB3CB /opt/coe/synopsys/wv/O-2018.09/platforms/linux64/bin/wv(main+0x252d) [0x6bb3cb]
#0xE9B74555 /lib64/libc.so.6(__libc_start_main+0xf5) [0x7fcde9b74555]
#0x6B8D15 /opt/coe/synopsys/wv/O-2018.09/platforms/linux64/bin/wv() [0x6b8d15]
wv_select_window {Custom WaveView} 
#session saved in: 'sx_crash.sx'
### auto-generated spxrc ###
### General Settings ###
gui_font small
hide_ribbon false
show_console false
use_qtfsb false
replay_delay 1
gui_color bright
wv_iconizable 1
show_eqn_err_msg 1
user_colors false
line_thickness 1
lock_color false
same_color_sweep false
bus_diff_color false
loop_linestyles_sweep false
delete_confirm true
reload_confirm true
exit_confirm true
archive_data_on_crash false
dynamic_filter true
sensitive_filter false
hiersensitive_filter false
keep_signalsearchstring false
suppress_eqn_func_completion false
disable_star_expand_tree false
precision_digits 3
unit_scale 0
axis_font 0
browser_width 250
browser_width_last 0
### SPICE lint ###
spice_netlist_erc off
spice_inst_casesensitive false
spice_parm_casesensitive false
spice_sort_subckt_cells false
spice_cell_index_depth true
spice_smart_sort false
use_hspiceini false
lint_suppress_list 
lint_min_resistance    1.000E-05
lint_max_capacitance    1.000E-03
lint_min_mos_width    1.000E-08
lint_max_mos_width    1.000E-02
lint_min_mos_length    1.000E-08
lint_max_mos_length    1.000E-02
### Custom WaveView ###
waveview_TabPos top
waveview_background black
cycle_color_by panel+waveview
clamp_ac_phase true
left_button_action zoom
init_xy_mode hvsel
cds_link_plot_mode replace
cds_link_update_mode append
show_inf_data false
inf_value    1.000E+50
switch_mouse_button false
group_display_order file
signal_filter_option glob
support_substr_search false
def_ac_stack complex
def_acx_type log
def_acy_type linear
def_trx_type linear
def_try_type linear
def_fft_xscale log
def_fft_yscale db
signal_dnd_mode move
logic_style_default vcd
signal_font normal
signame_spacing normal
signal_name name+file
signame_align left
signal_path path+name
load_data_at_open false
auto_connect_split_files true
grid_default on
grid_brightness normal
auto_y_axes off
auto_y_width off
y_label_width 30
alias_bracket true
flatten_single_point_sweep true
signame_popup false
show_MP_prefix false
show_ytype false
limit_zoom_range false
plotsig_bottompanel false
smart_hsort false
sweep_expand user
remove_dupsig false
case_sens_tr0 false
flatten_segs true
extend_waveform false
filter_byxrange false
convert_s_to_yz false
not_show_vhdl_processes true
disable_reload_wdf_confirm false
disable_update_signal false
disable_update_equation false
add_toplevel_for_fsdb false
logic_real_pwc_fsdb true
use_snn false
sync_alias true
alias_signal_name_only false
real_time_scroll true
snap_marker false
snap_interp false
btn_add_hcursor false
show_cross_label false
hide_cursor_distance false
click_move_cursor true
ref_cursor_value_indv false
bar_grip_scroll false
auto_x_extend false
auto_x_extend_dig true
hide_panel_div false
logic_cursor_snap true
panel_mode_only false
logic_glitch_highlight true
stack_auto_fit on
wdf_filter allfiles
horz_panel_height 80
default_panels_perrow 4
default_hist_binsize 10
default_hist_one false
max_visible_panels 0
read_top_hier true
read_top_hier_threshold 5
user_fixed_yrange false
vmin 0
vmax 3.3
imin 0
imax 1m
lines_per_panel 0
min_panel_height 20
analog_panel_height 120
max_log_span 25
logic_panel_height 24
panel_spacing 0
horizontal_slider_step 50
zoom_in_ratio 50
smith_char_impedance    5.000E+01
calc_eng false
d2a_xtol true
d2a_fullext true
d2a_high_value    3.300E+00
d2a_low_value    0.000E+00
d2a_rise_slew    1.000E-11
d2a_fall_slew    1.000E-11
a2d_single_threshold true
a2d_center_threshold    2.500E+00
a2d_high_threshold    4.000E+00
a2d_low_threshold    1.000E+00
SX_DM_DMScale false
SX_DM_ResultPanelScale false
SNR_inc_floor_noise false
#0  0x00007fcde9c1760c in waitpid () at /lib64/libc.so.6
#1  0x00007fcde9b94f62 in do_system () at /lib64/libc.so.6
#2  0x00000000006cd53b in _appMemoryError ()
#3  0x00000000006cd7b0 in _appSignalSeg ()
#4  0x00007fcde9b88400 in <signal handler called> () at /lib64/libc.so.6
#5  0x0000000000b5d586 in wdfFullWaveName ()
#6  0x0000000000b0ba48 in _wdfTransWave1 ()
#7  0x0000000000b0cb57 in wdfReloadNewWDF ()
#8  0x0000000000c096bc in evConfirmProc ()
#9  0x0000000000c96d82 in _confirm_ok ()
#10 0x000000000108cb4a in QX_PushBtn::callFuction() ()
#11 0x000000000108e232 in QX_PushBtn::qt_static_metacall(QObject*, QMetaObject::Call, int, void**) ()
#12 0x000000000201fa12 in QMetaObject::activate(QObject*, QMetaObject const*, int, void**) ()
#13 0x0000000001e174e1 in QAbstractButton::clicked(bool) ()
#14 0x0000000001c0265d in QAbstractButtonPrivate::emitClicked() ()
#15 0x0000000001c02e99 in QAbstractButtonPrivate::click() ()
#16 0x0000000001c030fd in QAbstractButton::mouseReleaseEvent(QMouseEvent*) ()
#17 0x00000000019868d3 in QWidget::event(QEvent*) ()
#18 0x0000000001937a6c in QApplicationPrivate::notify_helper(QObject*, QEvent*) ()
#19 0x000000000193c9a9 in QApplication::notify(QObject*, QEvent*) ()
#20 0x00000000020093ed in QCoreApplication::notifyInternal(QObject*, QEvent*) ()
#21 0x000000000193893b in QApplicationPrivate::sendMouseEvent(QWidget*, QMouseEvent*, QWidget*, QWidget*, QWidget**, QPointer<QWidget>&, bool) ()
#22 0x00000000019af34d in QETWidget::translateMouseEvent(_XEvent const*) ()
#23 0x00000000019adbe2 in QApplication::x11ProcessEvent(_XEvent*) ()
#24 0x00000000019d11dd in QEventDispatcherX11::processEvents(QFlags<QEventLoop::ProcessEventsFlag>) ()
#25 0x0000000002008015 in QEventLoop::processEvents(QFlags<QEventLoop::ProcessEventsFlag>) ()
#26 0x00000000020082f6 in QEventLoop::exec(QFlags<QEventLoop::ProcessEventsFlag>) ()
#27 0x000000000200d079 in QCoreApplication::exec() ()
#28 0x00000000010f07fa in qxLoop ()
#29 0x00000000006bb3cb in main ()
