### Custom WaveView ADV log file, revision O-2018.09 (build Aug 27, ) ###
### created at 02:03:57 on Mon Feb  6 2023 (Linux AMD64) ###
### Host Name: n01-zeus.olympus.ece.tamu.edu   User ID:    PID: 8242   ###
wv_start_log
# (0) running in waveview only mode
# (0) SW_SX_PERL_LIB defined
# (0) SW_SX_TCL_LIB defined
# (0) HOME defined
wv_move_window {Custom WaveView} {} 138 161
wv_select_window {Custom WaveView} 
wv_press_tool_button {Custom WaveView} {} {RecentFile0} 
wv_collapse_tree_item {Custom WaveView} {} {hierview} {D0:wave.vcd(0)} {+sep=@}
wv_expand_tree_item {Custom WaveView} {} {hierview} {D0:wave.vcd(0)} {+sep=@}
wv_select_waveview 1 {waveview 1}
wv_select_window {Custom WaveView} 
wv_release_wv_item WV1 1536 572
wv_select_tree_item {Custom WaveView} {} {hierview} {D0:wave.vcd(0)@SystemC(0)} {0} {+sep=@}
wv_select_tree_item {Custom WaveView} {} {hierview} {D0:wave.vcd(0)@SystemC(0)} {0} {+sep=@}
wv_select_list_item {Custom WaveView} {} {sigview} {Byte_ready} 0
wv_select_list_item {Custom WaveView} {} {sigview} {rst_b} 6 +shift
wv_drag_list_item {Custom WaveView} {} {sigview} {Load_XMT_datareg} 2
wv_drag_enter WV1
wv_drop_on WV1
wv_move_window {Custom WaveView} {} 0 0
wv_move_window {Custom WaveView} {} 287 34
wv_select_window {Custom WaveView} 
wv_select_waveview 1 {waveview 1}
wv_waveview_context_menu WV1.TAB
wv_select_waveview 1 {waveview 1}
wv_select_menu_item {Custom WaveView} {waveview 1:1} {WaveViewPopMenu.Clear WaveView} 
wv_select_menu_item {Custom WaveView} {} {FileViewPopMenu.Close This File} 
wv_select_dialog {Confirmation} 
wv_press_button {Confirmation} {} {Ok} 
wv_select_window {Custom WaveView} 
wv_press_tool_button {Custom WaveView} {} {OpenWaveformFile0} 
wv_select_dialog {FileDialog} 
wv_select_list_item {FileDialog} {} {FileList} {wave.vcd} 11
wv_dclick_list_item {FileDialog} {} {FileList} {wave.vcd} 11
wv_expand_tree_item {Custom WaveView} {} {hierview} {D0:wave.vcd(0)} {+sep=@}
wv_select_tree_item {Custom WaveView} {} {hierview} {D0:wave.vcd(0)@SystemC(0)} {0} {+sep=@}
wv_select_list_item {Custom WaveView} {} {sigview} {Byte_ready} 0
wv_select_list_item {Custom WaveView} {} {sigview} {rst_b} 6 +shift
wv_drag_list_item {Custom WaveView} {} {sigview} {Serial_out} 3
wv_drag_enter WV1
wv_drop_on WV1
wv_select_waveview 1 {waveview 1}
wv_select_wv_item WV1.PANEL2:1.VSLIDER 9 57
wv_release_wv_item WV1 9 57
wv_select_waveview 1 {waveview 1}
wv_select_wv_item WV1.LEGEND.WIDTH
wv_drag_item_to WV1 80 41
wv_move_wv_item WV1.PANEL1:1.LEGEND.WIDTH 178
wv_select_waveview 1 {waveview 1}
wv_select_wv_item WV1.LEGEND.WIDTH
wv_drag_item_to WV1 184 48
wv_move_wv_item WV1.PANEL1:1.LEGEND.WIDTH 231
wv_select_waveview 1 {waveview 1}
wv_select_wv_item WV1.LEGEND.WIDTH
wv_drag_item_to WV1 235 51
wv_move_wv_item WV1.PANEL1:1.LEGEND.WIDTH 271
wv_select_waveview 1 {waveview 1}
wv_select_panel WV1.PANEL10:1 4.24253e-08 inf
wv_select_waveview 1 {waveview 1}
wv_select_wv_item WV1.PANEL2:1.VSLIDER 5 56
wv_release_wv_item WV1 5 56
wv_select_waveview 1 {waveview 1}
wv_select_wv_item WV1.PANEL2:1.VSLIDER 5 53
wv_select_window {Custom WaveView} 
wv_release_wv_item WV1 5 53
wv_select_waveview 1 {waveview 1}
wv_select_panel WV1.PANEL1:1 5.32595e-08 -inf
wv_resize_browser {Custom WaveView} {} {WV.Browser} 250 1192
wv_resize_browser {Custom WaveView} {} {waveview 1:1} 2295 1166
wv_resize_window {Custom WaveView} 2555 1335
wv_resize_browser {Custom WaveView} {} {WV.Browser} 250 876
wv_resize_browser {Custom WaveView} {} {waveview 1:1} 1539 850
wv_resize_window {Custom WaveView} 1799 1019
wv_resize_browser {Custom WaveView} {} {WV.Browser} 250 861
wv_resize_browser {Custom WaveView} {} {waveview 1:1} 1531 835
wv_resize_window {Custom WaveView} 1791 1004
wv_resize_browser {Custom WaveView} {} {waveview 1:1} 1530 835
wv_resize_window {Custom WaveView} 1790 1004
wv_resize_browser {Custom WaveView} {} {WV.Browser} 250 872
wv_resize_browser {Custom WaveView} {} {waveview 1:1} 1530 846
wv_resize_window {Custom WaveView} 1790 1015
wv_select_window {Custom WaveView} 
wv_move_window {Custom WaveView} {} 0 0
wv_move_window {Custom WaveView} {} 287 34
wv_select_window {Custom WaveView} 
wv_close_window {Custom WaveView} 
wv_select_dialog {Confirmation} 
#wv_press_button {Confirmation} {} {Ok} 
#*WARNING* Can not remove '/home/ugrads/q/quyvan/.cx_hostport/.cx_hostport_n01-zeus.olympus.ece.tamu.edu_8242'.
