

24/01/2023 17:08:46
*****************************************************************************************


************************************************************
                                                            
      Copyright Mentor Graphics Corporation 2006 - 2011     
                  All Rights Reserved                       
                                                            
       THIS WORK CONTAINS TRADE SECRET AND PROPRIETARY      
         INFORMATION WHICH IS THE PROPERTY OF MENTOR        
         GRAPHICS CORPORATION OR ITS LICENSORS AND IS       
                 SUBJECT TO LICENSE TERMS.                  
                                                            
************************************************************




24/01/2023 17:08:46
*****************************************************************************************


************************************************************
                                                            
      Copyright Mentor Graphics Corporation 2006 - 2011     
                  All Rights Reserved                       
                                                            
       THIS WORK CONTAINS TRADE SECRET AND PROPRIETARY      
         INFORMATION WHICH IS THE PROPERTY OF MENTOR        
         GRAPHICS CORPORATION OR ITS LICENSORS AND IS       
                 SUBJECT TO LICENSE TERMS.                  
                                                            
************************************************************


couldn't open socket: connection refused
couldn't open socket: connection refused


24/01/2023 17:08:53
*****************************************************************************************


************************************************************
                                                            
      Copyright Mentor Graphics Corporation 2006 - 2011     
                  All Rights Reserved                       
                                                            
       THIS WORK CONTAINS TRADE SECRET AND PROPRIETARY      
         INFORMATION WHICH IS THE PROPERTY OF MENTOR        
         GRAPHICS CORPORATION OR ITS LICENSORS AND IS       
                 SUBJECT TO LICENSE TERMS.                  
                                                            
************************************************************


