

05/02/2023 22:52:13
*****************************************************************************************


************************************************************
                                                            
      Copyright Mentor Graphics Corporation 2006 - 2011     
                  All Rights Reserved                       
                                                            
       THIS WORK CONTAINS TRADE SECRET AND PROPRIETARY      
         INFORMATION WHICH IS THE PROPERTY OF MENTOR        
         GRAPHICS CORPORATION OR ITS LICENSORS AND IS       
                 SUBJECT TO LICENSE TERMS.                  
                                                            
************************************************************




05/02/2023 23:27:47
*****************************************************************************************


************************************************************
                                                            
      Copyright Mentor Graphics Corporation 2006 - 2011     
                  All Rights Reserved                       
                                                            
       THIS WORK CONTAINS TRADE SECRET AND PROPRIETARY      
         INFORMATION WHICH IS THE PROPERTY OF MENTOR        
         GRAPHICS CORPORATION OR ITS LICENSORS AND IS       
                 SUBJECT TO LICENSE TERMS.                  
                                                            
************************************************************




05/02/2023 23:28:44
*****************************************************************************************


************************************************************
                                                            
      Copyright Mentor Graphics Corporation 2006 - 2011     
                  All Rights Reserved                       
                                                            
       THIS WORK CONTAINS TRADE SECRET AND PROPRIETARY      
         INFORMATION WHICH IS THE PROPERTY OF MENTOR        
         GRAPHICS CORPORATION OR ITS LICENSORS AND IS       
                 SUBJECT TO LICENSE TERMS.                  
                                                            
************************************************************




05/02/2023 23:29:40
*****************************************************************************************


************************************************************
                                                            
      Copyright Mentor Graphics Corporation 2006 - 2011     
                  All Rights Reserved                       
                                                            
       THIS WORK CONTAINS TRADE SECRET AND PROPRIETARY      
         INFORMATION WHICH IS THE PROPERTY OF MENTOR        
         GRAPHICS CORPORATION OR ITS LICENSORS AND IS       
                 SUBJECT TO LICENSE TERMS.                  
                                                            
************************************************************




06/02/2023 00:25:04
*****************************************************************************************


************************************************************
                                                            
      Copyright Mentor Graphics Corporation 2006 - 2011     
                  All Rights Reserved                       
                                                            
       THIS WORK CONTAINS TRADE SECRET AND PROPRIETARY      
         INFORMATION WHICH IS THE PROPERTY OF MENTOR        
         GRAPHICS CORPORATION OR ITS LICENSORS AND IS       
                 SUBJECT TO LICENSE TERMS.                  
                                                            
************************************************************


